Arguments: 
  C:\Program Files\nodejs\node.exe C:\Users\wisdo\AppData\Local\node\corepack\yarn\1.22.19\bin\yarn.js install

PATH: 
  C:\Users\wisdo\OneDrive\Documents\programming\facial-recognition\backend\node_modules\.bin;C:\Users\wisdo\AppData\Local\node\corepack\pnpm\9.15.0\dist\node-gyp-bin;C:\Program Files\Common Files\Oracle\Java\javapath;C:\WINDOWS\system32;C:\WINDOWS;C:\WINDOWS\System32\Wbem;C:\WINDOWS\System32\WindowsPowerShell\v1.0\;C:\WINDOWS\System32\OpenSSH\;C:\Program Files\nodejs\;C:\Program Files\Git\cmd;C:\Program Files\PuTTY\;C:\Program Files\Java\jdk-21\bin;;C:\Program Files\Docker\Docker\resources\bin;c:\Users\wisdo\AppData\Local\Programs\cursor\resources\app\bin;C:\Users\wisdo\AppData\Local\Microsoft\WindowsApps;C:\Users\wisdo\AppData\Roaming\npm;C:\Users\wisdo\AppData\Local\Programs\Microsoft VS Code\bin;C:\Program Files\mongosh\;C:\Program Files\PuTTY;C:\Users\wisdo\AppData\Local\Google\Cloud SDK\google-cloud-sdk\bin;C:\Users\wisdo\AppData\Local\Programs\cursor\resources\app\bin

Yarn version: 
  1.22.19

Node version: 
  20.9.0

Platform: 
  win32 x64

Trace: 
  Error: ENOENT: no such file or directory, copyfile 'C:\Users\wisdo\AppData\Local\Yarn\Cache\v6\npm-media-typer-0.3.0-8710d7af0aa626f8fffa1ce00168545263255748-integrity\node_modules\media-typer\HISTORY.md' -> 'C:\Users\wisdo\OneDrive\Documents\programming\facial-recognition\backend\node_modules\multer\node_modules\media-typer\HISTORY.md'

npm manifest: 
  {
    "name": "backend",
    "version": "1.0.0",
    "main": "index.js",
    "license": "MIT",
    "private": true,
    "scripts": {
      "dev": "tsx watch src/index.ts",
      "build": "yarn install && tsc ",
      "start": "node build/index.js",
      "postinstall": "husky install",
      "test": "jest --detectOpenHandles",
      "test --watch": "jest --watch --detectOpenHandles"
    },
    "devDependencies": {
      "@commitlint/cli": "^18.4.3",
      "@commitlint/config-conventional": "^18.4.3",
      "@types/bcrypt": "^5.0.2",
      "@types/cors": "^2.8.17",
      "@types/express": "^4.17.21",
      "@types/jest": "^29.5.11",
      "@types/jsonwebtoken": "^9.0.5",
      "@types/multer": "^1.4.12",
      "@types/nodemailer": "^6.4.14",
      "@types/supertest": "^6.0.2",
      "husky": "^8.0.3",
      "jest": "^29.7.0",
      "pino-pretty": "^10.3.1",
      "supertest": "^6.3.3",
      "ts-jest": "^29.1.1",
      "tsx": "^4.7.0",
      "typescript": "^5.3.3"
    },
    "dependencies": {
      "axios": "^1.6.3",
      "bcrypt": "^5.1.1",
      "canvas": "^3.1.0",
      "cors": "^2.8.5",
      "env-schema": "^5.2.1",
      "express": "^5.0.0-beta.1",
      "face-api.js": "^0.22.2",
      "helmet": "^7.1.0",
      "jsonwebtoken": "^9.0.2",
      "mongoose": "^8.0.3",
      "multer": "^1.4.5-lts.1",
      "nodemailer": "^6.9.8",
      "pino": "^8.17.2",
      "zod": "^3.22.4"
    }
  }

yarn manifest: 
  No manifest

Lockfile: 
  No lockfile
